  main.cpp
c:\vcpkg\installed\x64-windows\include\uws\Libuv.h(120): warning C4800: 'int': forcing value to bool 'true' or 'false' (performance warning)
c:\vcpkg\installed\x64-windows\include\uws\Networking.h(162): warning C4251: 'uS::TLS::Context::password': class 'std::shared_ptr<std::string>' needs to have dll-interface to be used by clients of class 'uS::TLS::Context'
  c:\vcpkg\installed\x64-windows\include\uws\Networking.h(162): note: see declaration of 'std::shared_ptr<std::string>'
c:\vcpkg\installed\x64-windows\include\uws\Networking.h(184): warning C4800: 'SSL_CTX *': forcing value to bool 'true' or 'false' (performance warning)
c:\vcpkg\installed\x64-windows\include\uws\Networking.h(214): warning C4251: 'uS::NodeData::transferQueue': class 'std::vector<uS::Poll *,std::allocator<_Ty>>' needs to have dll-interface to be used by clients of struct 'uS::NodeData'
          with
          [
              _Ty=uS::Poll *
          ]
  c:\vcpkg\installed\x64-windows\include\uws\Networking.h(214): note: see declaration of 'std::vector<uS::Poll *,std::allocator<_Ty>>'
          with
          [
              _Ty=uS::Poll *
          ]
c:\vcpkg\installed\x64-windows\include\uws\Networking.h(215): warning C4251: 'uS::NodeData::changePollQueue': class 'std::vector<uS::Poll *,std::allocator<_Ty>>' needs to have dll-interface to be used by clients of struct 'uS::NodeData'
          with
          [
              _Ty=uS::Poll *
          ]
  c:\vcpkg\installed\x64-windows\include\uws\Networking.h(214): note: see declaration of 'std::vector<uS::Poll *,std::allocator<_Ty>>'
          with
          [
              _Ty=uS::Poll *
          ]
c:\vcpkg\installed\x64-windows\include\uws\Networking.h(219): warning C4800: 'std::size_t': forcing value to bool 'true' or 'false' (performance warning)
c:\vcpkg\installed\x64-windows\include\uws\Socket.h(26): warning C4275: non dll-interface struct 'uS::Poll' used as base for dll-interface struct 'uS::Socket'
  c:\vcpkg\installed\x64-windows\include\uws\Libuv.h(98): note: see declaration of 'uS::Poll'
  c:\vcpkg\installed\x64-windows\include\uws\Socket.h(26): note: see declaration of 'uS::Socket'
c:\vcpkg\installed\x64-windows\include\uws\Socket.h(74): warning C4251: 'uS::Socket::messageQueue': struct 'uS::Socket::Queue' needs to have dll-interface to be used by clients of struct 'uS::Socket'
  c:\vcpkg\installed\x64-windows\include\uws\Socket.h(38): note: see declaration of 'uS::Socket::Queue'
c:\vcpkg\installed\x64-windows\include\uws\Socket.h(328): warning C4267: 'argument': conversion from 'size_t' to 'int', possible loss of data
c:\vcpkg\installed\x64-windows\include\uws\Socket.h(488): warning C4800: 'int': forcing value to bool 'true' or 'false' (performance warning)
c:\vcpkg\installed\x64-windows\include\uws\WebSocket.h(18): warning C4251: 'uWS::WebSocket<isServer>::fragmentBuffer': class 'std::basic_string<char,std::char_traits<char>,std::allocator<char>>' needs to have dll-interface to be used by clients of struct 'uWS::WebSocket<isServer>'
  C:\Program Files (x86)\Microsoft Visual Studio 14.0\VC\include\xstring(2633): note: see declaration of 'std::basic_string<char,std::char_traits<char>,std::allocator<char>>'
  c:\vcpkg\installed\x64-windows\include\uws\WebSocket.h(85): note: see reference to class template instantiation 'uWS::WebSocket<isServer>' being compiled
c:\vcpkg\installed\x64-windows\include\uws\HTTPSocket.h(15): warning C4800: 'char *': forcing value to bool 'true' or 'false' (performance warning)
c:\vcpkg\installed\x64-windows\include\uws\HTTPSocket.h(115): warning C4251: 'uWS::HttpSocket<true>::httpBuffer': class 'std::basic_string<char,std::char_traits<char>,std::allocator<char>>' needs to have dll-interface to be used by clients of struct 'uWS::HttpSocket<true>'
  C:\Program Files (x86)\Microsoft Visual Studio 14.0\VC\include\xstring(2633): note: see declaration of 'std::basic_string<char,std::char_traits<char>,std::allocator<char>>'
  c:\vcpkg\installed\x64-windows\include\uws\HTTPSocket.h(142): note: see reference to class template instantiation 'uWS::HttpSocket<true>' being compiled
c:\vcpkg\installed\x64-windows\include\uws\Node.h(76): warning C4251: 'uS::Node::asyncMutex': class 'std::recursive_mutex' needs to have dll-interface to be used by clients of class 'uS::Node'
  C:\Program Files (x86)\Microsoft Visual Studio 14.0\VC\include\mutex(91): note: see declaration of 'std::recursive_mutex'
c:\vcpkg\installed\x64-windows\include\uws\Group.h(26): warning C4251: 'uWS::Group<true>::connectionHandler': class 'std::function<void (uWS::WebSocket<true> *,uWS::HttpRequest)>' needs to have dll-interface to be used by clients of struct 'uWS::Group<true>'
  c:\vcpkg\installed\x64-windows\include\uws\Group.h(26): note: see declaration of 'std::function<void (uWS::WebSocket<true> *,uWS::HttpRequest)>'
  c:\vcpkg\installed\x64-windows\include\uws\Hub.h(13): note: see reference to class template instantiation 'uWS::Group<true>' being compiled
c:\vcpkg\installed\x64-windows\include\uws\Group.h(27): warning C4251: 'uWS::Group<true>::transferHandler': class 'std::function<void (uWS::WebSocket<true> *)>' needs to have dll-interface to be used by clients of struct 'uWS::Group<true>'
  c:\vcpkg\installed\x64-windows\include\uws\Group.h(27): note: see declaration of 'std::function<void (uWS::WebSocket<true> *)>'
c:\vcpkg\installed\x64-windows\include\uws\Group.h(28): warning C4251: 'uWS::Group<true>::messageHandler': class 'std::function<void (uWS::WebSocket<true> *,char *,std::size_t,uWS::OpCode)>' needs to have dll-interface to be used by clients of struct 'uWS::Group<true>'
  c:\vcpkg\installed\x64-windows\include\uws\Group.h(28): note: see declaration of 'std::function<void (uWS::WebSocket<true> *,char *,std::size_t,uWS::OpCode)>'
c:\vcpkg\installed\x64-windows\include\uws\Group.h(29): warning C4251: 'uWS::Group<true>::disconnectionHandler': class 'std::function<void (uWS::WebSocket<true> *,int,char *,std::size_t)>' needs to have dll-interface to be used by clients of struct 'uWS::Group<true>'
  c:\vcpkg\installed\x64-windows\include\uws\Group.h(29): note: see declaration of 'std::function<void (uWS::WebSocket<true> *,int,char *,std::size_t)>'
c:\vcpkg\installed\x64-windows\include\uws\Group.h(30): warning C4251: 'uWS::Group<true>::pingHandler': class 'std::function<void (uWS::WebSocket<true> *,char *,std::size_t)>' needs to have dll-interface to be used by clients of struct 'uWS::Group<true>'
  c:\vcpkg\installed\x64-windows\include\uws\Group.h(30): note: see declaration of 'std::function<void (uWS::WebSocket<true> *,char *,std::size_t)>'
c:\vcpkg\installed\x64-windows\include\uws\Group.h(31): warning C4251: 'uWS::Group<true>::pongHandler': class 'std::function<void (uWS::WebSocket<true> *,char *,std::size_t)>' needs to have dll-interface to be used by clients of struct 'uWS::Group<true>'
  c:\vcpkg\installed\x64-windows\include\uws\Group.h(30): note: see declaration of 'std::function<void (uWS::WebSocket<true> *,char *,std::size_t)>'
c:\vcpkg\installed\x64-windows\include\uws\Group.h(32): warning C4251: 'uWS::Group<true>::httpConnectionHandler': class 'std::function<void (uWS::HttpSocket<true> *)>' needs to have dll-interface to be used by clients of struct 'uWS::Group<true>'
  c:\vcpkg\installed\x64-windows\include\uws\Group.h(32): note: see declaration of 'std::function<void (uWS::HttpSocket<true> *)>'
c:\vcpkg\installed\x64-windows\include\uws\Group.h(33): warning C4251: 'uWS::Group<true>::httpRequestHandler': class 'std::function<void (uWS::HttpResponse *,uWS::HttpRequest,char *,std::size_t,std::size_t)>' needs to have dll-interface to be used by clients of struct 'uWS::Group<true>'
  c:\vcpkg\installed\x64-windows\include\uws\Group.h(33): note: see declaration of 'std::function<void (uWS::HttpResponse *,uWS::HttpRequest,char *,std::size_t,std::size_t)>'
c:\vcpkg\installed\x64-windows\include\uws\Group.h(34): warning C4251: 'uWS::Group<true>::httpDataHandler': class 'std::function<void (uWS::HttpResponse *,char *,std::size_t,std::size_t)>' needs to have dll-interface to be used by clients of struct 'uWS::Group<true>'
  c:\vcpkg\installed\x64-windows\include\uws\Group.h(34): note: see declaration of 'std::function<void (uWS::HttpResponse *,char *,std::size_t,std::size_t)>'
c:\vcpkg\installed\x64-windows\include\uws\Group.h(35): warning C4251: 'uWS::Group<true>::httpCancelledRequestHandler': class 'std::function<void (uWS::HttpResponse *)>' needs to have dll-interface to be used by clients of struct 'uWS::Group<true>'
  c:\vcpkg\installed\x64-windows\include\uws\Group.h(35): note: see declaration of 'std::function<void (uWS::HttpResponse *)>'
c:\vcpkg\installed\x64-windows\include\uws\Group.h(36): warning C4251: 'uWS::Group<true>::httpDisconnectionHandler': class 'std::function<void (uWS::HttpSocket<true> *)>' needs to have dll-interface to be used by clients of struct 'uWS::Group<true>'
  c:\vcpkg\installed\x64-windows\include\uws\Group.h(32): note: see declaration of 'std::function<void (uWS::HttpSocket<true> *)>'
c:\vcpkg\installed\x64-windows\include\uws\Group.h(37): warning C4251: 'uWS::Group<true>::httpUpgradeHandler': class 'std::function<void (uWS::HttpSocket<true> *,uWS::HttpRequest)>' needs to have dll-interface to be used by clients of struct 'uWS::Group<true>'
  c:\vcpkg\installed\x64-windows\include\uws\Group.h(37): note: see declaration of 'std::function<void (uWS::HttpSocket<true> *,uWS::HttpRequest)>'
c:\vcpkg\installed\x64-windows\include\uws\Group.h(40): warning C4251: 'uWS::Group<true>::errorHandler': class 'std::function<void (int)>' needs to have dll-interface to be used by clients of struct 'uWS::Group<true>'
  c:\vcpkg\installed\x64-windows\include\uws\Group.h(40): note: see declaration of 'std::function<void (int)>'
c:\vcpkg\installed\x64-windows\include\uws\Group.h(46): warning C4251: 'uWS::Group<true>::userPingMessage': class 'std::basic_string<char,std::char_traits<char>,std::allocator<char>>' needs to have dll-interface to be used by clients of struct 'uWS::Group<true>'
  C:\Program Files (x86)\Microsoft Visual Studio 14.0\VC\include\xstring(2633): note: see declaration of 'std::basic_string<char,std::char_traits<char>,std::allocator<char>>'
c:\vcpkg\installed\x64-windows\include\uws\Group.h(47): warning C4251: 'uWS::Group<true>::iterators': class 'std::stack<uS::Poll *,std::deque<_Ty,std::allocator<_Ty>>>' needs to have dll-interface to be used by clients of struct 'uWS::Group<true>'
          with
          [
              _Ty=uS::Poll *
          ]
  c:\vcpkg\installed\x64-windows\include\uws\Group.h(47): note: see declaration of 'std::stack<uS::Poll *,std::deque<_Ty,std::allocator<_Ty>>>'
          with
          [
              _Ty=uS::Poll *
          ]
c:\vcpkg\installed\x64-windows\include\uws\Group.h(26): warning C4251: 'uWS::Group<false>::connectionHandler': class 'std::function<void (uWS::WebSocket<false> *,uWS::HttpRequest)>' needs to have dll-interface to be used by clients of struct 'uWS::Group<false>'
  c:\vcpkg\installed\x64-windows\include\uws\Group.h(26): note: see declaration of 'std::function<void (uWS::WebSocket<false> *,uWS::HttpRequest)>'
  c:\vcpkg\installed\x64-windows\include\uws\Hub.h(13): note: see reference to class template instantiation 'uWS::Group<false>' being compiled
c:\vcpkg\installed\x64-windows\include\uws\Group.h(27): warning C4251: 'uWS::Group<false>::transferHandler': class 'std::function<void (uWS::WebSocket<false> *)>' needs to have dll-interface to be used by clients of struct 'uWS::Group<false>'
  c:\vcpkg\installed\x64-windows\include\uws\Group.h(27): note: see declaration of 'std::function<void (uWS::WebSocket<false> *)>'
c:\vcpkg\installed\x64-windows\include\uws\Group.h(28): warning C4251: 'uWS::Group<false>::messageHandler': class 'std::function<void (uWS::WebSocket<false> *,char *,std::size_t,uWS::OpCode)>' needs to have dll-interface to be used by clients of struct 'uWS::Group<false>'
  c:\vcpkg\installed\x64-windows\include\uws\Group.h(28): note: see declaration of 'std::function<void (uWS::WebSocket<false> *,char *,std::size_t,uWS::OpCode)>'
c:\vcpkg\installed\x64-windows\include\uws\Group.h(29): warning C4251: 'uWS::Group<false>::disconnectionHandler': class 'std::function<void (uWS::WebSocket<false> *,int,char *,std::size_t)>' needs to have dll-interface to be used by clients of struct 'uWS::Group<false>'
  c:\vcpkg\installed\x64-windows\include\uws\Group.h(29): note: see declaration of 'std::function<void (uWS::WebSocket<false> *,int,char *,std::size_t)>'
c:\vcpkg\installed\x64-windows\include\uws\Group.h(30): warning C4251: 'uWS::Group<false>::pingHandler': class 'std::function<void (uWS::WebSocket<false> *,char *,std::size_t)>' needs to have dll-interface to be used by clients of struct 'uWS::Group<false>'
  c:\vcpkg\installed\x64-windows\include\uws\Group.h(30): note: see declaration of 'std::function<void (uWS::WebSocket<false> *,char *,std::size_t)>'
c:\vcpkg\installed\x64-windows\include\uws\Group.h(31): warning C4251: 'uWS::Group<false>::pongHandler': class 'std::function<void (uWS::WebSocket<false> *,char *,std::size_t)>' needs to have dll-interface to be used by clients of struct 'uWS::Group<false>'
  c:\vcpkg\installed\x64-windows\include\uws\Group.h(30): note: see declaration of 'std::function<void (uWS::WebSocket<false> *,char *,std::size_t)>'
c:\vcpkg\installed\x64-windows\include\uws\Group.h(32): warning C4251: 'uWS::Group<false>::httpConnectionHandler': class 'std::function<void (uWS::HttpSocket<false> *)>' needs to have dll-interface to be used by clients of struct 'uWS::Group<false>'
  c:\vcpkg\installed\x64-windows\include\uws\Group.h(32): note: see declaration of 'std::function<void (uWS::HttpSocket<false> *)>'
c:\vcpkg\installed\x64-windows\include\uws\Group.h(33): warning C4251: 'uWS::Group<false>::httpRequestHandler': class 'std::function<void (uWS::HttpResponse *,uWS::HttpRequest,char *,std::size_t,std::size_t)>' needs to have dll-interface to be used by clients of struct 'uWS::Group<false>'
  c:\vcpkg\installed\x64-windows\include\uws\Group.h(33): note: see declaration of 'std::function<void (uWS::HttpResponse *,uWS::HttpRequest,char *,std::size_t,std::size_t)>'
c:\vcpkg\installed\x64-windows\include\uws\Group.h(34): warning C4251: 'uWS::Group<false>::httpDataHandler': class 'std::function<void (uWS::HttpResponse *,char *,std::size_t,std::size_t)>' needs to have dll-interface to be used by clients of struct 'uWS::Group<false>'
  c:\vcpkg\installed\x64-windows\include\uws\Group.h(34): note: see declaration of 'std::function<void (uWS::HttpResponse *,char *,std::size_t,std::size_t)>'
c:\vcpkg\installed\x64-windows\include\uws\Group.h(35): warning C4251: 'uWS::Group<false>::httpCancelledRequestHandler': class 'std::function<void (uWS::HttpResponse *)>' needs to have dll-interface to be used by clients of struct 'uWS::Group<false>'
  c:\vcpkg\installed\x64-windows\include\uws\Group.h(35): note: see declaration of 'std::function<void (uWS::HttpResponse *)>'
c:\vcpkg\installed\x64-windows\include\uws\Group.h(36): warning C4251: 'uWS::Group<false>::httpDisconnectionHandler': class 'std::function<void (uWS::HttpSocket<false> *)>' needs to have dll-interface to be used by clients of struct 'uWS::Group<false>'
  c:\vcpkg\installed\x64-windows\include\uws\Group.h(32): note: see declaration of 'std::function<void (uWS::HttpSocket<false> *)>'
c:\vcpkg\installed\x64-windows\include\uws\Group.h(37): warning C4251: 'uWS::Group<false>::httpUpgradeHandler': class 'std::function<void (uWS::HttpSocket<false> *,uWS::HttpRequest)>' needs to have dll-interface to be used by clients of struct 'uWS::Group<false>'
  c:\vcpkg\installed\x64-windows\include\uws\Group.h(37): note: see declaration of 'std::function<void (uWS::HttpSocket<false> *,uWS::HttpRequest)>'
c:\vcpkg\installed\x64-windows\include\uws\Group.h(40): warning C4251: 'uWS::Group<false>::errorHandler': class 'std::function<void (void *)>' needs to have dll-interface to be used by clients of struct 'uWS::Group<false>'
  c:\vcpkg\installed\x64-windows\include\uws\Group.h(40): note: see declaration of 'std::function<void (void *)>'
c:\vcpkg\installed\x64-windows\include\uws\Group.h(46): warning C4251: 'uWS::Group<false>::userPingMessage': class 'std::basic_string<char,std::char_traits<char>,std::allocator<char>>' needs to have dll-interface to be used by clients of struct 'uWS::Group<false>'
  C:\Program Files (x86)\Microsoft Visual Studio 14.0\VC\include\xstring(2633): note: see declaration of 'std::basic_string<char,std::char_traits<char>,std::allocator<char>>'
c:\vcpkg\installed\x64-windows\include\uws\Group.h(47): warning C4251: 'uWS::Group<false>::iterators': class 'std::stack<uS::Poll *,std::deque<_Ty,std::allocator<_Ty>>>' needs to have dll-interface to be used by clients of struct 'uWS::Group<false>'
          with
          [
              _Ty=uS::Poll *
          ]
  c:\vcpkg\installed\x64-windows\include\uws\Group.h(47): note: see declaration of 'std::stack<uS::Poll *,std::deque<_Ty,std::allocator<_Ty>>>'
          with
          [
              _Ty=uS::Poll *
          ]
c:\vcpkg\installed\x64-windows\include\uws\Hub.h(27): warning C4251: 'uWS::Hub::dynamicZlibBuffer': class 'std::basic_string<char,std::char_traits<char>,std::allocator<char>>' needs to have dll-interface to be used by clients of struct 'uWS::Hub'
  C:\Program Files (x86)\Microsoft Visual Studio 14.0\VC\include\xstring(2633): note: see declaration of 'std::basic_string<char,std::char_traits<char>,std::allocator<char>>'
src\main.cpp(119): warning C4267: 'initializing': conversion from 'size_t' to 'int', possible loss of data
c:\vcpkg\installed\x64-windows\include\uws\WebSocket.h(16): warning C4251: 'uWS::WebSocketState<false>::state': struct 'uWS::WebSocketState<false>::State' needs to have dll-interface to be used by clients of struct 'uWS::WebSocketState<false>'
  c:\vcpkg\installed\x64-windows\include\uws\WebSocketProtocol.h(34): note: see declaration of 'uWS::WebSocketState<false>::State'
  C:\Program Files (x86)\Microsoft Visual Studio 14.0\VC\include\type_traits(1373): note: see reference to class template instantiation 'uWS::WebSocket<false>' being compiled
  C:\Program Files (x86)\Microsoft Visual Studio 14.0\VC\include\functional(494): note: see reference to class template instantiation 'std::result_of<_Fx &(uWS::WebSocket<false> *,char *,std::size_t,uWS::OpCode)>' being compiled
          with
          [
              _Fx=main::<lambda_87b754d710fb8d987fee685f1aa8b734>
          ]
c:\vcpkg\installed\x64-windows\include\uws\WebSocket.h(18): warning C4251: 'uWS::WebSocket<false>::fragmentBuffer': class 'std::basic_string<char,std::char_traits<char>,std::allocator<char>>' needs to have dll-interface to be used by clients of struct 'uWS::WebSocket<false>'
  C:\Program Files (x86)\Microsoft Visual Studio 14.0\VC\include\xstring(2633): note: see declaration of 'std::basic_string<char,std::char_traits<char>,std::allocator<char>>'
c:\vcpkg\installed\x64-windows\include\uws\HTTPSocket.h(115): warning C4251: 'uWS::HttpSocket<false>::httpBuffer': class 'std::basic_string<char,std::char_traits<char>,std::allocator<char>>' needs to have dll-interface to be used by clients of struct 'uWS::HttpSocket<false>'
  C:\Program Files (x86)\Microsoft Visual Studio 14.0\VC\include\xstring(2633): note: see declaration of 'std::basic_string<char,std::char_traits<char>,std::allocator<char>>'
  C:\Program Files (x86)\Microsoft Visual Studio 14.0\VC\include\functional(549): note: see reference to class template instantiation 'uWS::HttpSocket<false>' being compiled
  C:\Program Files (x86)\Microsoft Visual Studio 14.0\VC\include\functional(548): note: while compiling class template member function 'std::function<void (uWS::HttpSocket<false> *,uWS::HttpRequest)> &std::function<void (uWS::HttpSocket<false> *,uWS::HttpRequest)>::operator =(std::function<void (uWS::HttpSocket<false> *,uWS::HttpRequest)> &&)'
  c:\vcpkg\installed\x64-windows\include\uws\Hub.h(101): note: see reference to function template instantiation 'std::function<void (uWS::HttpSocket<false> *,uWS::HttpRequest)> &std::function<void (uWS::HttpSocket<false> *,uWS::HttpRequest)>::operator =(std::function<void (uWS::HttpSocket<false> *,uWS::HttpRequest)> &&)' being compiled
  c:\vcpkg\installed\x64-windows\include\uws\Group.h(37): note: see reference to class template instantiation 'std::function<void (uWS::HttpSocket<false> *,uWS::HttpRequest)>' being compiled
  c:\vcpkg\installed\x64-windows\include\uws\Hub.h(13): note: see reference to class template instantiation 'uWS::Group<false>' being compiled
  particle_filter.cpp
C:\Program Files (x86)\Microsoft Visual Studio 14.0\VC\include\xutility(2316): warning C4244: 'argument': conversion from 'double' to 'const float', possible loss of data
  C:\Program Files (x86)\Microsoft Visual Studio 14.0\VC\include\xutility(2335): note: see reference to function template instantiation '_OutIt std::_Copy_unchecked1<_InIt,_OutIt>(_InIt,_InIt,_OutIt,std::_General_ptr_iterator_tag)' being compiled
          with
          [
              _OutIt=std::ostream_iterator<float,char,std::char_traits<char>>,
              _InIt=double *
          ]
  C:\Program Files (x86)\Microsoft Visual Studio 14.0\VC\include\xutility(2344): note: see reference to function template instantiation '_OutIt std::_Copy_unchecked<_InIt,_Iter>(_InIt,_InIt,_OutIt)' being compiled
          with
          [
              _OutIt=std::ostream_iterator<float,char,std::char_traits<char>>,
              _InIt=double *,
              _Iter=std::ostream_iterator<float,char,std::char_traits<char>>
          ]
  C:\Program Files (x86)\Microsoft Visual Studio 14.0\VC\include\xutility(2364): note: see reference to function template instantiation '_OutIt std::_Copy_no_deprecate1<double*,_OutIt>(_InIt,_InIt,_OutIt,std::input_iterator_tag,std::_Any_tag)' being compiled
          with
          [
              _OutIt=std::ostream_iterator<float,char,std::char_traits<char>>,
              _InIt=double *
          ]
  C:\Program Files (x86)\Microsoft Visual Studio 14.0\VC\include\xutility(2373): note: see reference to function template instantiation '_OutIt std::_Copy_no_deprecate<_InIt,_OutIt>(_InIt,_InIt,_OutIt)' being compiled
          with
          [
              _OutIt=std::ostream_iterator<float,char,std::char_traits<char>>,
              _InIt=std::_Vector_iterator<std::_Vector_val<std::_Simple_types<double>>>
          ]
  src\particle_filter.cpp(95): note: see reference to function template instantiation '_OutIt std::copy<std::_Vector_iterator<std::_Vector_val<std::_Simple_types<double>>>,std::ostream_iterator<float,char,std::char_traits<char>>>(_InIt,_InIt,_OutIt)' being compiled
          with
          [
              _OutIt=std::ostream_iterator<float,char,std::char_traits<char>>,
              _InIt=std::_Vector_iterator<std::_Vector_val<std::_Simple_types<double>>>
          ]
     Creating library C:\Users\mike\CarND-Kidnapped-Vehicle-Project\x64\Release\particle_filter.lib and object C:\Users\mike\CarND-Kidnapped-Vehicle-Project\x64\Release\particle_filter.exp
  Generating code
  All 3109 functions were compiled because no usable IPDB/IOBJ from previous compilation was found.
  Finished generating code
  particle_filter.vcxproj -> C:\Users\mike\CarND-Kidnapped-Vehicle-Project\x64\Release\particle_filter.exe
  particle_filter.vcxproj -> C:\Users\mike\CarND-Kidnapped-Vehicle-Project\x64\Release\particle_filter.pdb (Full PDB)
